# JRE version: Java(TM) SE Runtime Environment (8.0_101-b13) (build 1.8.0_101-b13)
# Java VM: Java HotSpot(TM) 64-Bit Server VM (25.101-b13 mixed mode windows-amd64 compressed oops)
Heap:
 PSYoungGen      total 173056K, used 65451K [0x00000000eab00000, 0x00000000f8900000, 0x0000000100000000)
  eden space 152064K, 35% used [0x00000000eab00000,0x00000000edfdc130,0x00000000f3f80000)
  from space 20992K, 53% used [0x00000000f3f80000,0x00000000f4a8eea0,0x00000000f5400000)
  to   space 20480K, 0% used [0x00000000f7500000,0x00000000f7500000,0x00000000f8900000)
 ParOldGen       total 82432K, used 41874K [0x00000000c0000000, 0x00000000c5080000, 0x00000000eab00000)
  object space 82432K, 50% used [0x00000000c0000000,0x00000000c28e4898,0x00000000c5080000)
 Metaspace       used 56420K, capacity 58562K, committed 58624K, reserved 1099776K
  class space    used 7756K, capacity 8183K, committed 8192K, reserved 1048576K
GC Heap History (10 events):
Event: 10.074 GC heap before
{Heap before GC invocations=14 (full 2):
 PSYoungGen      total 131072K, used 131042K [0x00000000eab00000, 0x00000000f5700000, 0x0000000100000000)
  eden space 119808K, 100% used [0x00000000eab00000,0x00000000f2000000,0x00000000f2000000)
  from space 11264K, 99% used [0x00000000f2000000,0x00000000f2af8a98,0x00000000f2b00000)
  to   space 14336K, 0% used [0x00000000f4900000,0x00000000f4900000,0x00000000f5700000)
 ParOldGen       total 82432K, used 20523K [0x00000000c0000000, 0x00000000c5080000, 0x00000000eab00000)
  object space 82432K, 24% used [0x00000000c0000000,0x00000000c140af08,0x00000000c5080000)
 Metaspace       used 51040K, capacity 52774K, committed 52864K, reserved 1095680K
  class space    used 7158K, capacity 7536K, committed 7552K, reserved 1048576K
Event: 10.103 GC heap after
Heap after GC invocations=14 (full 2):
 PSYoungGen      total 155648K, used 14322K [0x00000000eab00000, 0x00000000f6680000, 0x0000000100000000)
  eden space 141312K, 0% used [0x00000000eab00000,0x00000000eab00000,0x00000000f3500000)
  from space 14336K, 99% used [0x00000000f4900000,0x00000000f56fcaa8,0x00000000f5700000)
  to   space 20480K, 0% used [0x00000000f3500000,0x00000000f3500000,0x00000000f4900000)
 ParOldGen       total 82432K, used 32901K [0x00000000c0000000, 0x00000000c5080000, 0x00000000eab00000)
  object space 82432K, 39% used [0x00000000c0000000,0x00000000c20214f8,0x00000000c5080000)
 Metaspace       used 51040K, capacity 52774K, committed 52864K, reserved 1095680K
  class space    used 7158K, capacity 7536K, committed 7552K, reserved 1048576K
}
Event: 10.287 GC heap before
{Heap before GC invocations=15 (full 2):
 PSYoungGen      total 155648K, used 23137K [0x00000000eab00000, 0x00000000f6680000, 0x0000000100000000)
  eden space 141312K, 6% used [0x00000000eab00000,0x00000000eb39bc38,0x00000000f3500000)
  from space 14336K, 99% used [0x00000000f4900000,0x00000000f56fcaa8,0x00000000f5700000)
  to   space 20480K, 0% used [0x00000000f3500000,0x00000000f3500000,0x00000000f4900000)
 ParOldGen       total 82432K, used 32901K [0x00000000c0000000, 0x00000000c5080000, 0x00000000eab00000)
  object space 82432K, 39% used [0x00000000c0000000,0x00000000c20214f8,0x00000000c5080000)
 Metaspace       used 51796K, capacity 53702K, committed 53888K, reserved 1095680K
  class space    used 7267K, capacity 7701K, committed 7808K, reserved 1048576K
Event: 10.320 GC heap after
Heap after GC invocations=15 (full 2):
 PSYoungGen      total 161792K, used 15600K [0x00000000eab00000, 0x00000000f6980000, 0x0000000100000000)
  eden space 141312K, 0% used [0x00000000eab00000,0x00000000eab00000,0x00000000f3500000)
  from space 20480K, 76% used [0x00000000f3500000,0x00000000f443c020,0x00000000f4900000)
  to   space 22016K, 0% used [0x00000000f5400000,0x00000000f5400000,0x00000000f6980000)
 ParOldGen       total 82432K, used 32909K [0x00000000c0000000, 0x00000000c5080000, 0x00000000eab00000)
  object space 82432K, 39% used [0x00000000c0000000,0x00000000c20234f8,0x00000000c5080000)
 Metaspace       used 51796K, capacity 53702K, committed 53888K, reserved 1095680K
  class space    used 7267K, capacity 7701K, committed 7808K, reserved 1048576K
}
Event: 10.320 GC heap before
{Heap before GC invocations=16 (full 3):
 PSYoungGen      total 161792K, used 15600K [0x00000000eab00000, 0x00000000f6980000, 0x0000000100000000)
  eden space 141312K, 0% used [0x00000000eab00000,0x00000000eab00000,0x00000000f3500000)
  from space 20480K, 76% used [0x00000000f3500000,0x00000000f443c020,0x00000000f4900000)
  to   space 22016K, 0% used [0x00000000f5400000,0x00000000f5400000,0x00000000f6980000)
 ParOldGen       total 82432K, used 32909K [0x00000000c0000000, 0x00000000c5080000, 0x00000000eab00000)
  object space 82432K, 39% used [0x00000000c0000000,0x00000000c20234f8,0x00000000c5080000)
 Metaspace       used 51796K, capacity 53702K, committed 53888K, reserved 1095680K
  class space    used 7267K, capacity 7701K, committed 7808K, reserved 1048576K
Event: 10.662 GC heap after
Heap after GC invocations=16 (full 3):
 PSYoungGen      total 161792K, used 0K [0x00000000eab00000, 0x00000000f6980000, 0x0000000100000000)
  eden space 141312K, 0% used [0x00000000eab00000,0x00000000eab00000,0x00000000f3500000)
  from space 20480K, 0% used [0x00000000f3500000,0x00000000f3500000,0x00000000f4900000)
  to   space 22016K, 0% used [0x00000000f5400000,0x00000000f5400000,0x00000000f6980000)
 ParOldGen       total 82432K, used 41858K [0x00000000c0000000, 0x00000000c5080000, 0x00000000eab00000)
  object space 82432K, 50% used [0x00000000c0000000,0x00000000c28e0898,0x00000000c5080000)
 Metaspace       used 51796K, capacity 53702K, committed 53888K, reserved 1095680K
  class space    used 7267K, capacity 7701K, committed 7808K, reserved 1048576K
}
Event: 19.601 GC heap before
{Heap before GC invocations=17 (full 3):
 PSYoungGen      total 161792K, used 141312K [0x00000000eab00000, 0x00000000f6980000, 0x0000000100000000)
  eden space 141312K, 100% used [0x00000000eab00000,0x00000000f3500000,0x00000000f3500000)
  from space 20480K, 0% used [0x00000000f3500000,0x00000000f3500000,0x00000000f4900000)
  to   space 22016K, 0% used [0x00000000f5400000,0x00000000f5400000,0x00000000f6980000)
 ParOldGen       total 82432K, used 41858K [0x00000000c0000000, 0x00000000c5080000, 0x00000000eab00000)
  object space 82432K, 50% used [0x00000000c0000000,0x00000000c28e0898,0x00000000c5080000)
 Metaspace       used 55259K, capacity 57368K, committed 57600K, reserved 1099776K
  class space    used 7634K, capacity 8098K, committed 8192K, reserved 1048576K
Event: 19.611 GC heap after
Heap after GC invocations=17 (full 3):
 PSYoungGen      total 174080K, used 6883K [0x00000000eab00000, 0x00000000f7c00000, 0x0000000100000000)
  eden space 152064K, 0% used [0x00000000eab00000,0x00000000eab00000,0x00000000f3f80000)
  from space 22016K, 31% used [0x00000000f5400000,0x00000000f5ab8c68,0x00000000f6980000)
  to   space 20992K, 0% used [0x00000000f3f80000,0x00000000f3f80000,0x00000000f5400000)
 ParOldGen       total 82432K, used 41866K [0x00000000c0000000, 0x00000000c5080000, 0x00000000eab00000)
  object space 82432K, 50% used [0x00000000c0000000,0x00000000c28e2898,0x00000000c5080000)
 Metaspace       used 55259K, capacity 57368K, committed 57600K, reserved 1099776K
  class space    used 7634K, capacity 8098K, committed 8192K, reserved 1048576K
}
Event: 20.295 GC heap before
{Heap before GC invocations=18 (full 3):
 PSYoungGen      total 174080K, used 158947K [0x00000000eab00000, 0x00000000f7c00000, 0x0000000100000000)
  eden space 152064K, 100% used [0x00000000eab00000,0x00000000f3f80000,0x00000000f3f80000)
  from space 22016K, 31% used [0x00000000f5400000,0x00000000f5ab8c68,0x00000000f6980000)
  to   space 20992K, 0% used [0x00000000f3f80000,0x00000000f3f80000,0x00000000f5400000)
 ParOldGen       total 82432K, used 41866K [0x00000000c0000000, 0x00000000c5080000, 0x00000000eab00000)
  object space 82432K, 50% used [0x00000000c0000000,0x00000000c28e2898,0x00000000c5080000)
 Metaspace       used 56384K, capacity 58494K, committed 58624K, reserved 1099776K
  class space    used 7756K, capacity 8183K, committed 8192K, reserved 1048576K
Event: 20.308 GC heap after
Heap after GC invocations=18 (full 3):
 PSYoungGen      total 173056K, used 11323K [0x00000000eab00000, 0x00000000f8900000, 0x0000000100000000)
  eden space 152064K, 0% used [0x00000000eab00000,0x00000000eab00000,0x00000000f3f80000)
  from space 20992K, 53% used [0x00000000f3f80000,0x00000000f4a8eea0,0x00000000f5400000)
  to   space 20480K, 0% used [0x00000000f7500000,0x00000000f7500000,0x00000000f8900000)
 ParOldGen       total 82432K, used 41874K [0x00000000c0000000, 0x00000000c5080000, 0x00000000eab00000)
  object space 82432K, 50% used [0x00000000c0000000,0x00000000c28e4898,0x00000000c5080000)
 Metaspace       used 56384K, capacity 58494K, committed 58624K, reserved 1099776K
  class space    used 7756K, capacity 8183K, committed 8192K, reserved 1048576K
}

