# JRE version: Java(TM) SE Runtime Environment (8.0_101-b13) (build 1.8.0_101-b13)
# Java VM: Java HotSpot(TM) 64-Bit Server VM (25.101-b13 mixed mode windows-amd64 compressed oops)
Heap:
 PSYoungGen      total 45056K, used 31952K [0x00000000eab00000, 0x00000000ee980000, 0x0000000100000000)
  eden space 36864K, 75% used [0x00000000eab00000,0x00000000ec6140a8,0x00000000ecf00000)
  from space 8192K, 51% used [0x00000000ecf00000,0x00000000ed320010,0x00000000ed700000)
  to   space 8192K, 0% used [0x00000000ee180000,0x00000000ee180000,0x00000000ee980000)
 ParOldGen       total 53760K, used 11281K [0x00000000c0000000, 0x00000000c3480000, 0x00000000eab00000)
  object space 53760K, 20% used [0x00000000c0000000,0x00000000c0b046e0,0x00000000c3480000)
 Metaspace       used 32357K, capacity 32982K, committed 33280K, reserved 1077248K
  class space    used 4404K, capacity 4575K, committed 4608K, reserved 1048576K
GC Heap History (10 events):
Event: 8.194 GC heap before
{Heap before GC invocations=8 (full 1):
 PSYoungGen      total 22528K, used 22504K [0x00000000eab00000, 0x00000000ee100000, 0x0000000100000000)
  eden space 18944K, 100% used [0x00000000eab00000,0x00000000ebd80000,0x00000000ebd80000)
  from space 3584K, 99% used [0x00000000ec680000,0x00000000ec9fa250,0x00000000eca00000)
  to   space 9216K, 0% used [0x00000000ebd80000,0x00000000ebd80000,0x00000000ec680000)
 ParOldGen       total 53760K, used 11185K [0x00000000c0000000, 0x00000000c3480000, 0x00000000eab00000)
  object space 53760K, 20% used [0x00000000c0000000,0x00000000c0aec6d0,0x00000000c3480000)
 Metaspace       used 24179K, capacity 24776K, committed 25088K, reserved 1071104K
  class space    used 3352K, capacity 3484K, committed 3584K, reserved 1048576K
Event: 8.200 GC heap after
Heap after GC invocations=8 (full 1):
 PSYoungGen      total 28160K, used 3225K [0x00000000eab00000, 0x00000000ed800000, 0x0000000100000000)
  eden space 18944K, 0% used [0x00000000eab00000,0x00000000eab00000,0x00000000ebd80000)
  from space 9216K, 34% used [0x00000000ebd80000,0x00000000ec0a6478,0x00000000ec680000)
  to   space 9216K, 0% used [0x00000000ecf00000,0x00000000ecf00000,0x00000000ed800000)
 ParOldGen       total 53760K, used 11193K [0x00000000c0000000, 0x00000000c3480000, 0x00000000eab00000)
  object space 53760K, 20% used [0x00000000c0000000,0x00000000c0aee6d0,0x00000000c3480000)
 Metaspace       used 24179K, capacity 24776K, committed 25088K, reserved 1071104K
  class space    used 3352K, capacity 3484K, committed 3584K, reserved 1048576K
}
Event: 8.602 GC heap before
{Heap before GC invocations=9 (full 1):
 PSYoungGen      total 28160K, used 22169K [0x00000000eab00000, 0x00000000ed800000, 0x0000000100000000)
  eden space 18944K, 100% used [0x00000000eab00000,0x00000000ebd80000,0x00000000ebd80000)
  from space 9216K, 34% used [0x00000000ebd80000,0x00000000ec0a6478,0x00000000ec680000)
  to   space 9216K, 0% used [0x00000000ecf00000,0x00000000ecf00000,0x00000000ed800000)
 ParOldGen       total 53760K, used 11193K [0x00000000c0000000, 0x00000000c3480000, 0x00000000eab00000)
  object space 53760K, 20% used [0x00000000c0000000,0x00000000c0aee6d0,0x00000000c3480000)
 Metaspace       used 25867K, capacity 26414K, committed 26624K, reserved 1073152K
  class space    used 3623K, capacity 3773K, committed 3840K, reserved 1048576K
Event: 8.609 GC heap after
Heap after GC invocations=9 (full 1):
 PSYoungGen      total 36864K, used 4286K [0x00000000eab00000, 0x00000000ed780000, 0x0000000100000000)
  eden space 28160K, 0% used [0x00000000eab00000,0x00000000eab00000,0x00000000ec680000)
  from space 8704K, 49% used [0x00000000ecf00000,0x00000000ed32f9b0,0x00000000ed780000)
  to   space 8704K, 0% used [0x00000000ec680000,0x00000000ec680000,0x00000000ecf00000)
 ParOldGen       total 53760K, used 11193K [0x00000000c0000000, 0x00000000c3480000, 0x00000000eab00000)
  object space 53760K, 20% used [0x00000000c0000000,0x00000000c0aee6d0,0x00000000c3480000)
 Metaspace       used 25867K, capacity 26414K, committed 26624K, reserved 1073152K
  class space    used 3623K, capacity 3773K, committed 3840K, reserved 1048576K
}
Event: 9.375 GC heap before
{Heap before GC invocations=10 (full 1):
 PSYoungGen      total 36864K, used 32446K [0x00000000eab00000, 0x00000000ed780000, 0x0000000100000000)
  eden space 28160K, 100% used [0x00000000eab00000,0x00000000ec680000,0x00000000ec680000)
  from space 8704K, 49% used [0x00000000ecf00000,0x00000000ed32f9b0,0x00000000ed780000)
  to   space 8704K, 0% used [0x00000000ec680000,0x00000000ec680000,0x00000000ecf00000)
 ParOldGen       total 53760K, used 11193K [0x00000000c0000000, 0x00000000c3480000, 0x00000000eab00000)
  object space 53760K, 20% used [0x00000000c0000000,0x00000000c0aee6d0,0x00000000c3480000)
 Metaspace       used 28058K, capacity 28686K, committed 29056K, reserved 1075200K
  class space    used 3952K, capacity 4125K, committed 4224K, reserved 1048576K
Event: 9.391 GC heap after
Heap after GC invocations=10 (full 1):
 PSYoungGen      total 36864K, used 5054K [0x00000000eab00000, 0x00000000ee000000, 0x0000000100000000)
  eden space 28160K, 0% used [0x00000000eab00000,0x00000000eab00000,0x00000000ec680000)
  from space 8704K, 58% used [0x00000000ec680000,0x00000000ecb6fb20,0x00000000ecf00000)
  to   space 8704K, 0% used [0x00000000ed780000,0x00000000ed780000,0x00000000ee000000)
 ParOldGen       total 53760K, used 11265K [0x00000000c0000000, 0x00000000c3480000, 0x00000000eab00000)
  object space 53760K, 20% used [0x00000000c0000000,0x00000000c0b006e0,0x00000000c3480000)
 Metaspace       used 28058K, capacity 28686K, committed 29056K, reserved 1075200K
  class space    used 3952K, capacity 4125K, committed 4224K, reserved 1048576K
}
Event: 10.785 GC heap before
{Heap before GC invocations=11 (full 1):
 PSYoungGen      total 36864K, used 33214K [0x00000000eab00000, 0x00000000ee000000, 0x0000000100000000)
  eden space 28160K, 100% used [0x00000000eab00000,0x00000000ec680000,0x00000000ec680000)
  from space 8704K, 58% used [0x00000000ec680000,0x00000000ecb6fb20,0x00000000ecf00000)
  to   space 8704K, 0% used [0x00000000ed780000,0x00000000ed780000,0x00000000ee000000)
 ParOldGen       total 53760K, used 11265K [0x00000000c0000000, 0x00000000c3480000, 0x00000000eab00000)
  object space 53760K, 20% used [0x00000000c0000000,0x00000000c0b006e0,0x00000000c3480000)
 Metaspace       used 28303K, capacity 28902K, committed 29312K, reserved 1075200K
  class space    used 3960K, capacity 4129K, committed 4224K, reserved 1048576K
Event: 10.804 GC heap after
Heap after GC invocations=11 (full 1):
 PSYoungGen      total 44544K, used 4224K [0x00000000eab00000, 0x00000000edf00000, 0x0000000100000000)
  eden space 36864K, 0% used [0x00000000eab00000,0x00000000eab00000,0x00000000ecf00000)
  from space 7680K, 55% used [0x00000000ed780000,0x00000000edba0010,0x00000000edf00000)
  to   space 8192K, 0% used [0x00000000ecf00000,0x00000000ecf00000,0x00000000ed700000)
 ParOldGen       total 53760K, used 11273K [0x00000000c0000000, 0x00000000c3480000, 0x00000000eab00000)
  object space 53760K, 20% used [0x00000000c0000000,0x00000000c0b026e0,0x00000000c3480000)
 Metaspace       used 28303K, capacity 28902K, committed 29312K, reserved 1075200K
  class space    used 3960K, capacity 4129K, committed 4224K, reserved 1048576K
}
Event: 12.389 GC heap before
{Heap before GC invocations=12 (full 1):
 PSYoungGen      total 44544K, used 41088K [0x00000000eab00000, 0x00000000edf00000, 0x0000000100000000)
  eden space 36864K, 100% used [0x00000000eab00000,0x00000000ecf00000,0x00000000ecf00000)
  from space 7680K, 55% used [0x00000000ed780000,0x00000000edba0010,0x00000000edf00000)
  to   space 8192K, 0% used [0x00000000ecf00000,0x00000000ecf00000,0x00000000ed700000)
 ParOldGen       total 53760K, used 11273K [0x00000000c0000000, 0x00000000c3480000, 0x00000000eab00000)
  object space 53760K, 20% used [0x00000000c0000000,0x00000000c0b026e0,0x00000000c3480000)
 Metaspace       used 28577K, capacity 29158K, committed 29568K, reserved 1075200K
  class space    used 3973K, capacity 4129K, committed 4224K, reserved 1048576K
Event: 12.397 GC heap after
Heap after GC invocations=12 (full 1):
 PSYoungGen      total 45056K, used 4224K [0x00000000eab00000, 0x00000000ee980000, 0x0000000100000000)
  eden space 36864K, 0% used [0x00000000eab00000,0x00000000eab00000,0x00000000ecf00000)
  from space 8192K, 51% used [0x00000000ecf00000,0x00000000ed320010,0x00000000ed700000)
  to   space 8192K, 0% used [0x00000000ee180000,0x00000000ee180000,0x00000000ee980000)
 ParOldGen       total 53760K, used 11281K [0x00000000c0000000, 0x00000000c3480000, 0x00000000eab00000)
  object space 53760K, 20% used [0x00000000c0000000,0x00000000c0b046e0,0x00000000c3480000)
 Metaspace       used 28577K, capacity 29158K, committed 29568K, reserved 1075200K
  class space    used 3973K, capacity 4129K, committed 4224K, reserved 1048576K
}

